<?xml version="1.0" encoding="UTF-8"?>
<testsuite name="FoodManiaTest" tests="3" skipped="0" failures="0" errors="0" timestamp="2022-09-19T00:44:58" hostname="LAPTOP-72RHPGI0" time="5.256">
  <properties/>
  <testcase name="addFoodWhenFoodExistsDoNotAdd()" classname="FoodManiaTest" time="5.202"/>
  <testcase name="removeFoodWhenFoodExistsDoNotRemove()" classname="FoodManiaTest" time="0.005"/>
  <testcase name="updateFoodWhenFoodExistsDoNotUpdate()" classname="FoodManiaTest" time="0.046"/>
  <system-out><![CDATA[]]></system-out>
  <system-err><![CDATA[]]></system-err>
</testsuite>
